# JRE version: Java(TM) SE Runtime Environment (8.0_181-b13) (build 1.8.0_181-b13)
# Java VM: Java HotSpot(TM) 64-Bit Server VM (25.181-b13 mixed mode windows-amd64 compressed oops)
Heap:
 PSYoungGen      total 240128K, used 22523K [0x00000000d5d80000, 0x00000000eee00000, 0x0000000100000000)
  eden space 223232K, 10% used [0x00000000d5d80000,0x00000000d737ed28,0x00000000e3780000)
  from space 16896K, 0% used [0x00000000e3780000,0x00000000e3780000,0x00000000e4800000)
  to   space 21504K, 0% used [0x00000000ed900000,0x00000000ed900000,0x00000000eee00000)
 ParOldGen       total 93184K, used 27946K [0x0000000081800000, 0x0000000087300000, 0x00000000d5d80000)
  object space 93184K, 29% used [0x0000000081800000,0x000000008334a9e0,0x0000000087300000)
 Metaspace       used 37434K, capacity 38998K, committed 39296K, reserved 1083392K
  class space    used 5174K, capacity 5482K, committed 5504K, reserved 1048576K
GC Heap History (10 events):
Event: 3.652 GC heap before
{Heap before GC invocations=5 (full 1):
 PSYoungGen      total 138240K, used 5096K [0x00000000d5d80000, 0x00000000de980000, 0x0000000100000000)
  eden space 133120K, 0% used [0x00000000d5d80000,0x00000000d5d80000,0x00000000ddf80000)
  from space 5120K, 99% used [0x00000000de480000,0x00000000de97a040,0x00000000de980000)
  to   space 5120K, 0% used [0x00000000ddf80000,0x00000000ddf80000,0x00000000de480000)
 ParOldGen       total 87552K, used 8270K [0x0000000081800000, 0x0000000086d80000, 0x00000000d5d80000)
  object space 87552K, 9% used [0x0000000081800000,0x0000000082013900,0x0000000086d80000)
 Metaspace       used 20577K, capacity 21214K, committed 21296K, reserved 1067008K
  class space    used 2746K, capacity 2922K, committed 2944K, reserved 1048576K
Event: 3.700 GC heap after
Heap after GC invocations=5 (full 1):
 PSYoungGen      total 138240K, used 0K [0x00000000d5d80000, 0x00000000de980000, 0x0000000100000000)
  eden space 133120K, 0% used [0x00000000d5d80000,0x00000000d5d80000,0x00000000ddf80000)
  from space 5120K, 0% used [0x00000000de480000,0x00000000de480000,0x00000000de980000)
  to   space 5120K, 0% used [0x00000000ddf80000,0x00000000ddf80000,0x00000000de480000)
 ParOldGen       total 54784K, used 7530K [0x0000000081800000, 0x0000000084d80000, 0x00000000d5d80000)
  object space 54784K, 13% used [0x0000000081800000,0x0000000081f5a898,0x0000000084d80000)
 Metaspace       used 20575K, capacity 21208K, committed 21296K, reserved 1067008K
  class space    used 2745K, capacity 2921K, committed 2944K, reserved 1048576K
}
Event: 5.375 GC heap before
{Heap before GC invocations=6 (full 1):
 PSYoungGen      total 138240K, used 133120K [0x00000000d5d80000, 0x00000000de980000, 0x0000000100000000)
  eden space 133120K, 100% used [0x00000000d5d80000,0x00000000ddf80000,0x00000000ddf80000)
  from space 5120K, 0% used [0x00000000de480000,0x00000000de480000,0x00000000de980000)
  to   space 5120K, 0% used [0x00000000ddf80000,0x00000000ddf80000,0x00000000de480000)
 ParOldGen       total 54784K, used 7530K [0x0000000081800000, 0x0000000084d80000, 0x00000000d5d80000)
  object space 54784K, 13% used [0x0000000081800000,0x0000000081f5a898,0x0000000084d80000)
 Metaspace       used 21647K, capacity 22366K, committed 22528K, reserved 1069056K
  class space    used 2875K, capacity 3072K, committed 3072K, reserved 1048576K
Event: 5.398 GC heap after
Heap after GC invocations=6 (full 1):
 PSYoungGen      total 138240K, used 5102K [0x00000000d5d80000, 0x00000000e5380000, 0x0000000100000000)
  eden space 133120K, 0% used [0x00000000d5d80000,0x00000000d5d80000,0x00000000ddf80000)
  from space 5120K, 99% used [0x00000000ddf80000,0x00000000de47bba8,0x00000000de480000)
  to   space 11776K, 0% used [0x00000000e4800000,0x00000000e4800000,0x00000000e5380000)
 ParOldGen       total 54784K, used 12472K [0x0000000081800000, 0x0000000084d80000, 0x00000000d5d80000)
  object space 54784K, 22% used [0x0000000081800000,0x000000008242e2a0,0x0000000084d80000)
 Metaspace       used 21647K, capacity 22366K, committed 22528K, reserved 1069056K
  class space    used 2875K, capacity 3072K, committed 3072K, reserved 1048576K
}
Event: 7.483 GC heap before
{Heap before GC invocations=7 (full 1):
 PSYoungGen      total 138240K, used 138222K [0x00000000d5d80000, 0x00000000e5380000, 0x0000000100000000)
  eden space 133120K, 100% used [0x00000000d5d80000,0x00000000ddf80000,0x00000000ddf80000)
  from space 5120K, 99% used [0x00000000ddf80000,0x00000000de47bba8,0x00000000de480000)
  to   space 11776K, 0% used [0x00000000e4800000,0x00000000e4800000,0x00000000e5380000)
 ParOldGen       total 54784K, used 12472K [0x0000000081800000, 0x0000000084d80000, 0x00000000d5d80000)
  object space 54784K, 22% used [0x0000000081800000,0x000000008242e2a0,0x0000000084d80000)
 Metaspace       used 22252K, capacity 22956K, committed 23168K, reserved 1069056K
  class space    used 2960K, capacity 3155K, committed 3200K, reserved 1048576K
Event: 7.519 GC heap after
Heap after GC invocations=7 (full 1):
 PSYoungGen      total 235008K, used 11751K [0x00000000d5d80000, 0x00000000e5a00000, 0x0000000100000000)
  eden space 223232K, 0% used [0x00000000d5d80000,0x00000000d5d80000,0x00000000e3780000)
  from space 11776K, 99% used [0x00000000e4800000,0x00000000e5379ca0,0x00000000e5380000)
  to   space 16896K, 0% used [0x00000000e3780000,0x00000000e3780000,0x00000000e4800000)
 ParOldGen       total 54784K, used 18433K [0x0000000081800000, 0x0000000084d80000, 0x00000000d5d80000)
  object space 54784K, 33% used [0x0000000081800000,0x0000000082a00658,0x0000000084d80000)
 Metaspace       used 22252K, capacity 22956K, committed 23168K, reserved 1069056K
  class space    used 2960K, capacity 3155K, committed 3200K, reserved 1048576K
}
Event: 10.273 GC heap before
{Heap before GC invocations=8 (full 1):
 PSYoungGen      total 235008K, used 232530K [0x00000000d5d80000, 0x00000000e5a00000, 0x0000000100000000)
  eden space 223232K, 98% used [0x00000000d5d80000,0x00000000e351ac48,0x00000000e3780000)
  from space 11776K, 99% used [0x00000000e4800000,0x00000000e5379ca0,0x00000000e5380000)
  to   space 16896K, 0% used [0x00000000e3780000,0x00000000e3780000,0x00000000e4800000)
 ParOldGen       total 54784K, used 18433K [0x0000000081800000, 0x0000000084d80000, 0x00000000d5d80000)
  object space 54784K, 33% used [0x0000000081800000,0x0000000082a00658,0x0000000084d80000)
 Metaspace       used 33895K, capacity 35406K, committed 35456K, reserved 1079296K
  class space    used 4676K, capacity 4989K, committed 4992K, reserved 1048576K
Event: 10.297 GC heap after
Heap after GC invocations=8 (full 1):
 PSYoungGen      total 240128K, used 16890K [0x00000000d5d80000, 0x00000000eee00000, 0x0000000100000000)
  eden space 223232K, 0% used [0x00000000d5d80000,0x00000000d5d80000,0x00000000e3780000)
  from space 16896K, 99% used [0x00000000e3780000,0x00000000e47fe838,0x00000000e4800000)
  to   space 21504K, 0% used [0x00000000ed900000,0x00000000ed900000,0x00000000eee00000)
 ParOldGen       total 54784K, used 22400K [0x0000000081800000, 0x0000000084d80000, 0x00000000d5d80000)
  object space 54784K, 40% used [0x0000000081800000,0x0000000082de03f0,0x0000000084d80000)
 Metaspace       used 33895K, capacity 35406K, committed 35456K, reserved 1079296K
  class space    used 4676K, capacity 4989K, committed 4992K, reserved 1048576K
}
Event: 10.297 GC heap before
{Heap before GC invocations=9 (full 2):
 PSYoungGen      total 240128K, used 16890K [0x00000000d5d80000, 0x00000000eee00000, 0x0000000100000000)
  eden space 223232K, 0% used [0x00000000d5d80000,0x00000000d5d80000,0x00000000e3780000)
  from space 16896K, 99% used [0x00000000e3780000,0x00000000e47fe838,0x00000000e4800000)
  to   space 21504K, 0% used [0x00000000ed900000,0x00000000ed900000,0x00000000eee00000)
 ParOldGen       total 54784K, used 22400K [0x0000000081800000, 0x0000000084d80000, 0x00000000d5d80000)
  object space 54784K, 40% used [0x0000000081800000,0x0000000082de03f0,0x0000000084d80000)
 Metaspace       used 33895K, capacity 35406K, committed 35456K, reserved 1079296K
  class space    used 4676K, capacity 4989K, committed 4992K, reserved 1048576K
Event: 10.383 GC heap after
Heap after GC invocations=9 (full 2):
 PSYoungGen      total 240128K, used 0K [0x00000000d5d80000, 0x00000000eee00000, 0x0000000100000000)
  eden space 223232K, 0% used [0x00000000d5d80000,0x00000000d5d80000,0x00000000e3780000)
  from space 16896K, 0% used [0x00000000e3780000,0x00000000e3780000,0x00000000e4800000)
  to   space 21504K, 0% used [0x00000000ed900000,0x00000000ed900000,0x00000000eee00000)
 ParOldGen       total 93184K, used 27946K [0x0000000081800000, 0x0000000087300000, 0x00000000d5d80000)
  object space 93184K, 29% used [0x0000000081800000,0x000000008334a9e0,0x0000000087300000)
 Metaspace       used 33895K, capacity 35406K, committed 35456K, reserved 1079296K
  class space    used 4676K, capacity 4989K, committed 4992K, reserved 1048576K
}

